[2025-09-22 10:53:59] [Information] [Initialize-StandardLogging] Logging system initialized
[2025-09-22 10:53:59] [Information] [ExampleScript] Example script started
[2025-09-22 10:53:59] [Debug] [Set-StandardConfig] Setting configuration for key: ExampleKey
[2025-09-22 10:53:59] [Information] [Set-StandardConfig] Module configuration updated: ExampleKey
[2025-09-22 10:53:59] [Debug] [Set-StandardConfig] Setting configuration for key: App.Version
[2025-09-22 10:53:59] [Information] [Set-StandardConfig] Module configuration updated: App.Version
[2025-09-22 10:53:59] [Debug] [Get-StandardConfig] Getting configuration for key: ExampleKey
[2025-09-22 10:53:59] [Debug] [Get-StandardConfig] Getting configuration for key: App.Version
[2025-09-22 10:53:59] [Information] [ExampleScript] Configuration loaded: ExampleKey=ExampleValue, App.Version=1.0.0
[2025-09-22 10:53:59] [Information] [ExampleScript] Testing safe command execution
[2025-09-22 10:54:00] [Warning] [ExampleScript] Safe command failed after retries
[2025-09-22 10:54:00] [Information] [ExampleScript] Gathering system information
[2025-09-22 10:54:00] [Information] [Get-SystemInfo] Gathering system information
[2025-09-22 10:54:00] [Warning] [Get-SystemInfo] Could not retrieve OS information: The term 'Get-CimInstance' is not recognized as a name of a cmdlet, function, script file, or executable program.
Check the spelling of the name, or if a path was included, verify that the path is correct and try again.
[2025-09-22 10:54:00] [Warning] [Get-SystemInfo] Could not retrieve hardware information: The term 'Get-CimInstance' is not recognized as a name of a cmdlet, function, script file, or executable program.
Check the spelling of the name, or if a path was included, verify that the path is correct and try again.
[2025-09-22 10:54:00] [Warning] [Get-SystemInfo] Could not retrieve disk space information: The term 'Get-CimInstance' is not recognized as a name of a cmdlet, function, script file, or executable program.
Check the spelling of the name, or if a path was included, verify that the path is correct and try again.
[2025-09-22 10:54:00] [Information] [Get-SystemInfo] System information gathered successfully
[2025-09-22 10:54:00] [Information] [ExampleScript] Checking disk space
[2025-09-22 10:54:00] [Information] [ExampleScript] Testing network connectivity
[2025-09-22 10:54:00] [Information] [Test-NetworkConnectivity] Testing connectivity to 8.8.8.8
[2025-09-22 10:54:00] [Warning] [Test-NetworkConnectivity] DNS resolution failed for 8.8.8.8: The term 'Resolve-DnsName' is not recognized as a name of a cmdlet, function, script file, or executable program.
Check the spelling of the name, or if a path was included, verify that the path is correct and try again.
[2025-09-22 10:54:05] [Warning] [Test-NetworkConnectivity] Ping failed to 8.8.8.8
[2025-09-22 10:54:05] [Warning] [Test-NetworkConnectivity] Network connectivity test failed for 8.8.8.8
[2025-09-22 10:54:05] [Information] [ExampleScript] Demonstrating utility functions
[2025-09-22 10:54:06] [Information] [ExampleScript] Example would send notification webhook here (if configured)
[2025-09-22 10:54:06] [Information] [ExampleScript] Example script completed successfully
